{"level":"ERROR","time":"2023-01-22T15:32:44.067+0800","caller":"user/user.go:42","msg":"短信平台调用成功，发送短信  ERROR"}
{"level":"ERROR","time":"2023-02-04T15:42:25.585+0800","caller":"user/user.go:42","msg":"短信平台调用成功，发送短信  ERROR"}
{"level":"ERROR","time":"2023-02-04T15:44:24.942+0800","caller":"user/user.go:42","msg":"短信平台调用成功，发送短信  ERROR"}
{"level":"ERROR","time":"2023-02-04T15:45:47.438+0800","caller":"user/user.go:42","msg":"短信平台调用成功，发送短信  ERROR"}
{"level":"ERROR","time":"2023-02-04T15:54:40.749+0800","caller":"user/user.go:42","msg":"短信平台调用成功，发送短信  ERROR"}
{"level":"ERROR","time":"2023-02-15T14:12:38.785+0800","caller":"login.service.v1/login_service.go:39","msg":"短信平台调用成功，发送短信  ERROR"}
{"level":"ERROR","time":"2023-02-18T22:47:00.176+0800","caller":"login.service.v1/login_service.go:40","msg":"短信平台调用成功，发送短信  ERROR"}
{"level":"ERROR","time":"2023-02-19T11:07:57.846+0800","caller":"discovery/discovery.go:118","msg":"register failed","error":"context deadline exceeded"}
{"level":"ERROR","time":"2023-02-19T11:08:00.856+0800","caller":"discovery/resolver.go:104","msg":"sync failed","error":"context deadline exceeded"}
{"level":"ERROR","time":"2023-02-19T11:08:00.856+0800","caller":"discovery/discovery.go:118","msg":"register failed","error":"context deadline exceeded"}
{"level":"ERROR","time":"2023-02-19T11:08:03.864+0800","caller":"discovery/discovery.go:118","msg":"register failed","error":"context deadline exceeded"}
{"level":"ERROR","time":"2023-02-20T19:04:05.065+0800","caller":"login.service.v1/login_service.go:40","msg":"短信平台调用成功，发送短信  ERROR"}
{"level":"ERROR","time":"2023-02-22T21:01:02.379+0800","caller":"login.service.v1/login_service.go:43","msg":"短信平台调用成功，发送短信  ERROR"}
{"level":"ERROR","time":"2023-02-22T21:04:22.792+0800","caller":"login.service.v1/login_service.go:43","msg":"短信平台调用成功，发送短信  ERROR"}
{"level":"ERROR","time":"2023-02-22T21:05:44.849+0800","caller":"login.service.v1/login_service.go:61","msg":"Register redis get error","error":"redis: nil"}
{"level":"ERROR","time":"2023-02-28T20:44:23.902+0800","caller":"discovery/discovery.go:118","msg":"register failed","error":"context deadline exceeded"}
{"level":"ERROR","time":"2023-02-28T20:45:12.954+0800","caller":"discovery/discovery.go:118","msg":"register failed","error":"context deadline exceeded"}
{"level":"ERROR","time":"2023-02-28T20:45:44.764+0800","caller":"discovery/resolver.go:104","msg":"sync failed","error":"context deadline exceeded"}
{"level":"ERROR","time":"2023-02-28T20:45:44.765+0800","caller":"discovery/resolver.go:104","msg":"sync failed","error":"context deadline exceeded"}
{"level":"ERROR","time":"2023-02-28T21:23:32.120+0800","caller":"login.service.v1/login_service.go:57","msg":"短信平台调用成功，发送短信  ERROR"}
{"level":"ERROR","time":"2023-03-01T14:19:48.132+0800","caller":"login.service.v1/login_service.go:57","msg":"短信平台调用成功，发送短信  ERROR"}
{"level":"ERROR","time":"2023-03-01T14:20:12.171+0800","caller":"login.service.v1/login_service.go:57","msg":"短信平台调用成功，发送短信  ERROR"}
{"level":"ERROR","time":"2023-03-01T14:20:27.100+0800","caller":"login.service.v1/login_service.go:152","msg":"Login db FindMember err","error":"invalid value, should be pointer to struct or slice"}
{"level":"ERROR","time":"2023-03-01T14:20:55.851+0800","caller":"login.service.v1/login_service.go:152","msg":"Login db FindMember err","error":"invalid value, should be pointer to struct or slice"}
{"level":"ERROR","time":"2023-03-01T19:38:04.207+0800","caller":"login.service.v1/login_service.go:57","msg":"短信平台调用成功，发送短信  ERROR"}
{"level":"ERROR","time":"2023-03-01T20:21:12.828+0800","caller":"project.service.v1/project.service.v1.go:33","msg":"Index db FindMenus error","error":"Error 1146 (42S02): Table 'msproject.ms_project_menu' doesn't exist"}
{"level":"ERROR","time":"2023-03-05T17:05:36.941+0800","caller":"login.service.v1/login_service.go:58","msg":"短信平台调用成功，发送短信  ERROR"}
{"level":"ERROR","time":"2023-03-05T17:31:48.872+0800","caller":"login.service.v1/login_service.go:58","msg":"短信平台调用成功，发送短信  ERROR"}
{"level":"ERROR","time":"2023-03-05T17:32:27.405+0800","caller":"login.service.v1/login_service.go:58","msg":"短信平台调用成功，发送短信  ERROR"}
{"level":"ERROR","time":"2023-04-28T20:21:04.500+0800","caller":"login.service.v1/login_service.go:58","msg":"短信平台调用成功，发送短信  ERROR"}
{"level":"ERROR","time":"2023-04-28T20:43:46.928+0800","caller":"login.service.v1/login_service.go:58","msg":"短信平台调用成功，发送短信  ERROR"}
{"level":"ERROR","time":"2023-04-29T09:42:09.736+0800","caller":"discovery/discovery.go:118","msg":"register failed","error":"context deadline exceeded"}
{"level":"ERROR","time":"2023-04-29T09:42:12.736+0800","caller":"discovery/resolver.go:104","msg":"sync failed","error":"context deadline exceeded"}
{"level":"ERROR","time":"2023-04-29T09:42:12.751+0800","caller":"discovery/discovery.go:118","msg":"register failed","error":"context deadline exceeded"}
{"level":"ERROR","time":"2023-04-29T16:31:38.976+0800","caller":"project.service.v1/project.service.v1.go:50","msg":"project FindProjectByMemId error","error":"Error 1054 (42S22): Unknown column 'mem_code' in 'where clause'"}
{"level":"ERROR","time":"2023-04-29T16:31:46.368+0800","caller":"project.service.v1/project.service.v1.go:50","msg":"project FindProjectByMemId error","error":"Error 1054 (42S22): Unknown column 'mem_code' in 'where clause'"}
{"level":"ERROR","time":"2023-04-29T16:35:26.184+0800","caller":"project.service.v1/project.service.v1.go:50","msg":"project FindProjectByMemId error","error":"Error 1054 (42S22): Unknown column 'mem_code' in 'where clause'"}
{"level":"ERROR","time":"2023-04-30T01:27:22.560+0800","caller":"discovery/discovery.go:118","msg":"register failed","error":"context deadline exceeded"}
{"level":"ERROR","time":"2023-04-30T10:15:26.537+0800","caller":"discovery/discovery.go:118","msg":"register failed","error":"context deadline exceeded"}
{"level":"ERROR","time":"2023-04-30T10:15:29.548+0800","caller":"discovery/discovery.go:118","msg":"register failed","error":"context deadline exceeded"}
{"level":"ERROR","time":"2023-05-01T10:01:32.609+0800","caller":"discovery/discovery.go:118","msg":"register failed","error":"context deadline exceeded"}
{"level":"ERROR","time":"2023-05-01T10:01:35.634+0800","caller":"discovery/discovery.go:118","msg":"register failed","error":"context deadline exceeded"}
{"level":"ERROR","time":"2023-05-01T10:01:38.645+0800","caller":"discovery/discovery.go:118","msg":"register failed","error":"context deadline exceeded"}
{"level":"ERROR","time":"2023-05-02T10:42:58.629+0800","caller":"discovery/discovery.go:118","msg":"register failed","error":"context deadline exceeded"}
{"level":"ERROR","time":"2023-05-02T10:43:01.639+0800","caller":"discovery/discovery.go:118","msg":"register failed","error":"context deadline exceeded"}
{"level":"ERROR","time":"2023-05-02T10:43:04.663+0800","caller":"discovery/discovery.go:118","msg":"register failed","error":"context deadline exceeded"}
{"level":"ERROR","time":"2023-05-05T09:03:51.053+0800","caller":"project.service.v1/project.service.v1.go:138","msg":"project FindProjectTemplate FindProjectTemplateSystem error","error":"context deadline exceeded"}
{"level":"ERROR","time":"2023-05-05T09:03:51.058+0800","caller":"project.service.v1/project.service.v1.go:82","msg":"project FindProjectByMemId::FindCollectProjectByMemId error","error":"context canceled"}
{"level":"ERROR","time":"2023-05-05T09:03:51.175+0800","caller":"discovery/discovery.go:118","msg":"register failed","error":"etcdserver: requested lease not found"}
{"level":"ERROR","time":"2023-05-05T09:05:12.525+0800","caller":"project.service.v1/project.service.v1.go:144","msg":"project FindProjectTemplate FindInProTemIds error","error":"context canceled"}
{"level":"ERROR","time":"2023-05-05T09:05:12.526+0800","caller":"project.service.v1/project.service.v1.go:82","msg":"project FindProjectByMemId::FindCollectProjectByMemId error","error":"context canceled"}
{"level":"ERROR","time":"2023-05-05T22:09:43.652+0800","caller":"project.service.v1/project.service.v1.go:257","msg":"project FindProjectDetail FindCollectByPidAndMemId error","error":"context deadline exceeded"}
{"level":"ERROR","time":"2023-05-05T22:09:43.654+0800","caller":"project.service.v1/project.service.v1.go:82","msg":"project FindProjectByMemId::FindCollectProjectByMemId error","error":"context deadline exceeded"}
{"level":"ERROR","time":"2023-05-05T22:12:28.461+0800","caller":"task.service.v1/task_service.go:93","msg":"project MemberProjectList LoginServiceClient.FindMemInfoByIds error","error":"rpc error: code = DeadlineExceeded desc = context deadline exceeded"}
{"level":"ERROR","time":"2023-05-05T22:12:28.460+0800","caller":"project.service.v1/project.service.v1.go:252","msg":"project FindProjectDetail FindMemInfoById error","error":"rpc error: code = DeadlineExceeded desc = context deadline exceeded"}
{"level":"ERROR","time":"2023-05-06T09:25:33.565+0800","caller":"discovery/discovery.go:118","msg":"register failed","error":"context deadline exceeded"}
{"level":"ERROR","time":"2023-05-06T09:25:36.582+0800","caller":"discovery/discovery.go:118","msg":"register failed","error":"context deadline exceeded"}
{"level":"ERROR","time":"2023-05-06T09:25:36.586+0800","caller":"discovery/resolver.go:104","msg":"sync failed","error":"context deadline exceeded"}
{"level":"ERROR","time":"2023-05-06T09:25:39.596+0800","caller":"discovery/discovery.go:118","msg":"register failed","error":"context deadline exceeded"}
{"level":"ERROR","time":"2023-05-08T13:55:56.552+0800","caller":"discovery/discovery.go:118","msg":"register failed","error":"context deadline exceeded"}
{"level":"ERROR","time":"2023-05-08T13:55:59.641+0800","caller":"discovery/resolver.go:104","msg":"sync failed","error":"context deadline exceeded"}
{"level":"ERROR","time":"2023-05-08T13:55:59.746+0800","caller":"discovery/discovery.go:118","msg":"register failed","error":"context deadline exceeded"}
{"level":"ERROR","time":"2023-05-08T14:05:03.975+0800","caller":"discovery/discovery.go:118","msg":"register failed","error":"context deadline exceeded"}
{"level":"ERROR","time":"2023-05-08T15:12:52.531+0800","caller":"discovery/discovery.go:118","msg":"register failed","error":"context deadline exceeded"}
{"level":"ERROR","time":"2023-05-08T15:16:14.708+0800","caller":"discovery/discovery.go:118","msg":"register failed","error":"context deadline exceeded"}
{"level":"ERROR","time":"2023-05-08T16:07:39.957+0800","caller":"discovery/discovery.go:118","msg":"register failed","error":"context deadline exceeded"}
{"level":"ERROR","time":"2023-05-08T16:07:43.221+0800","caller":"discovery/discovery.go:118","msg":"register failed","error":"context deadline exceeded"}
{"level":"ERROR","time":"2023-05-08T16:07:43.558+0800","caller":"discovery/resolver.go:104","msg":"sync failed","error":"context deadline exceeded"}
{"level":"ERROR","time":"2023-05-09T11:05:53.631+0800","caller":"discovery/discovery.go:118","msg":"register failed","error":"context deadline exceeded"}
{"level":"ERROR","time":"2023-05-09T11:05:56.809+0800","caller":"discovery/resolver.go:104","msg":"sync failed","error":"context deadline exceeded"}
{"level":"ERROR","time":"2023-05-09T11:05:57.076+0800","caller":"discovery/discovery.go:118","msg":"register failed","error":"context deadline exceeded"}
{"level":"ERROR","time":"2023-05-09T11:06:00.026+0800","caller":"discovery/resolver.go:104","msg":"sync failed","error":"context deadline exceeded"}
{"level":"ERROR","time":"2023-05-09T11:06:00.132+0800","caller":"discovery/discovery.go:118","msg":"register failed","error":"context deadline exceeded"}
{"level":"ERROR","time":"2023-05-09T11:06:03.247+0800","caller":"discovery/discovery.go:118","msg":"register failed","error":"context deadline exceeded"}
{"level":"ERROR","time":"2023-05-10T09:09:33.602+0800","caller":"discovery/discovery.go:118","msg":"register failed","error":"context deadline exceeded"}
{"level":"ERROR","time":"2023-05-10T09:09:36.637+0800","caller":"discovery/discovery.go:118","msg":"register failed","error":"context deadline exceeded"}
{"level":"ERROR","time":"2023-05-10T09:09:36.671+0800","caller":"discovery/resolver.go:104","msg":"sync failed","error":"context deadline exceeded"}
{"level":"ERROR","time":"2023-05-10T09:09:39.673+0800","caller":"discovery/discovery.go:118","msg":"register failed","error":"context deadline exceeded"}
{"level":"ERROR","time":"2023-05-10T14:10:16.538+0800","caller":"discovery/discovery.go:118","msg":"register failed","error":"context deadline exceeded"}
{"level":"ERROR","time":"2023-05-10T14:10:19.648+0800","caller":"discovery/resolver.go:104","msg":"sync failed","error":"context deadline exceeded"}
{"level":"ERROR","time":"2023-05-10T14:10:19.845+0800","caller":"discovery/discovery.go:118","msg":"register failed","error":"context deadline exceeded"}
{"level":"ERROR","time":"2023-05-10T16:15:17.606+0800","caller":"discovery/discovery.go:118","msg":"register failed","error":"context deadline exceeded"}
{"level":"ERROR","time":"2023-05-10T16:15:20.713+0800","caller":"discovery/discovery.go:118","msg":"register failed","error":"context deadline exceeded"}
{"level":"ERROR","time":"2023-05-10T16:15:20.912+0800","caller":"discovery/resolver.go:104","msg":"sync failed","error":"context deadline exceeded"}
{"level":"ERROR","time":"2023-05-10T16:28:39.169+0800","caller":"discovery/discovery.go:118","msg":"register failed","error":"context deadline exceeded"}
{"level":"ERROR","time":"2023-05-10T16:28:40.194+0800","caller":"discovery/resolver.go:104","msg":"sync failed","error":"context deadline exceeded"}
{"level":"ERROR","time":"2023-05-10T16:28:42.889+0800","caller":"discovery/discovery.go:118","msg":"register failed","error":"context deadline exceeded"}
{"level":"ERROR","time":"2023-05-10T16:28:46.076+0800","caller":"discovery/discovery.go:118","msg":"register failed","error":"context deadline exceeded"}
{"level":"ERROR","time":"2023-05-12T13:41:59.737+0800","caller":"discovery/discovery.go:118","msg":"register failed","error":"context deadline exceeded"}
{"level":"ERROR","time":"2023-05-15T09:05:29.560+0800","caller":"discovery/discovery.go:118","msg":"register failed","error":"context deadline exceeded"}
{"level":"ERROR","time":"2023-05-15T09:05:32.558+0800","caller":"discovery/resolver.go:104","msg":"sync failed","error":"context deadline exceeded"}
{"level":"ERROR","time":"2023-05-15T09:05:32.590+0800","caller":"discovery/discovery.go:118","msg":"register failed","error":"context deadline exceeded"}
{"level":"ERROR","time":"2023-05-15T09:05:35.596+0800","caller":"discovery/discovery.go:118","msg":"register failed","error":"context deadline exceeded"}
{"level":"ERROR","time":"2023-05-17T08:23:20.661+0800","caller":"discovery/discovery.go:118","msg":"register failed","error":"context deadline exceeded"}
{"level":"ERROR","time":"2023-05-17T08:23:24.398+0800","caller":"discovery/resolver.go:104","msg":"sync failed","error":"context deadline exceeded"}
{"level":"ERROR","time":"2023-05-17T08:23:24.612+0800","caller":"discovery/discovery.go:118","msg":"register failed","error":"context deadline exceeded"}
{"level":"ERROR","time":"2023-05-18T21:34:52.611+0800","caller":"discovery/discovery.go:118","msg":"register failed","error":"context deadline exceeded"}
{"level":"ERROR","time":"2023-05-18T21:34:55.752+0800","caller":"discovery/resolver.go:104","msg":"sync failed","error":"context deadline exceeded"}
{"level":"ERROR","time":"2023-05-18T21:34:55.893+0800","caller":"discovery/discovery.go:118","msg":"register failed","error":"context deadline exceeded"}
{"level":"ERROR","time":"2023-05-18T21:34:58.981+0800","caller":"discovery/discovery.go:118","msg":"register failed","error":"context deadline exceeded"}
{"level":"ERROR","time":"2023-05-18T21:35:02.070+0800","caller":"discovery/discovery.go:118","msg":"register failed","error":"context deadline exceeded"}
{"level":"ERROR","time":"2023-05-19T14:06:44.584+0800","caller":"discovery/discovery.go:118","msg":"register failed","error":"context deadline exceeded"}
{"level":"ERROR","time":"2023-05-19T14:06:47.577+0800","caller":"discovery/resolver.go:104","msg":"sync failed","error":"context deadline exceeded"}
{"level":"ERROR","time":"2023-05-19T14:06:47.593+0800","caller":"discovery/discovery.go:118","msg":"register failed","error":"context deadline exceeded"}
{"level":"ERROR","time":"2023-05-19T14:06:50.610+0800","caller":"discovery/discovery.go:118","msg":"register failed","error":"context deadline exceeded"}
{"level":"ERROR","time":"2023-05-19T14:06:53.620+0800","caller":"discovery/discovery.go:118","msg":"register failed","error":"context deadline exceeded"}
{"level":"ERROR","time":"2023-05-19T23:58:22.484+0800","caller":"discovery/discovery.go:118","msg":"register failed","error":"context deadline exceeded"}
{"level":"ERROR","time":"2023-05-20T10:10:04.611+0800","caller":"discovery/discovery.go:118","msg":"register failed","error":"context deadline exceeded"}
{"level":"ERROR","time":"2023-05-20T10:10:07.608+0800","caller":"discovery/resolver.go:104","msg":"sync failed","error":"context deadline exceeded"}
{"level":"ERROR","time":"2023-05-20T10:10:07.624+0800","caller":"discovery/discovery.go:118","msg":"register failed","error":"context deadline exceeded"}
{"level":"ERROR","time":"2023-05-20T10:10:10.695+0800","caller":"discovery/discovery.go:118","msg":"register failed","error":"context deadline exceeded"}
